make all --print-data-base --no-builtin-variables --no-builtin-rules --question
# GNU Make 4.2.1
# Built for x86_64-pc-linux-gnu
# Copyright (C) 1988-2016 Free Software Foundation, Inc.
# License GPLv3+: GNU GPL version 3 or later <http://gnu.org/licenses/gpl.html>
# This is free software: you are free to change and redistribute it.
# There is NO WARRANTY, to the extent permitted by law.

# Make data base, printed on Wed Jun 29 10:08:50 2022

# Variables

# automatic
<D = $(patsubst %/,%,$(dir $<))
# automatic
?F = $(notdir $?)
# environment
DESKTOP_SESSION = i3
# default
.SHELLFLAGS := -c
# environment
XDG_SESSION_CLASS = user
# environment
XDG_SESSION_TYPE = x11
# environment
VSCODE_LOG_NATIVE = false
# automatic
?D = $(patsubst %/,%,$(dir $?))
# environment
TRACELIB_ROOT = /home/merino/opt/libtracelib
# automatic
@D = $(patsubst %/,%,$(dir $@))
# environment
XAUTHORITY = /home/merino/.Xauthority
# environment
GDMSESSION = i3
# default
MAKE_VERSION := 4.2.1
# makefile
CURDIR := /home/merino/Documents/Sync/Universidad/Master/Computación de Altas Prestaciones/Trabajo_HPC
# makefile
SHELL = /bin/sh
# environment
GDM_LANG = en_US
# environment
VSCODE_NLS_CONFIG = {"locale":"en-us","availableLanguages":{},"_languagePackSupport":true}
# environment
_ = /usr/share/code/code
# makefile (from 'Makefile', line 3)
CFLAGS = -Iinclude/ -fopenmp
# environment
XDG_CONFIG_DIRS = /etc/xdg/xdg-i3:/etc/xdg
# makefile (from 'Makefile', line 1)
MAKEFILE_LIST :=  Makefile
# automatic
@F = $(notdir $@)
# 'override' directive
GNUMAKEFLAGS := 
# environment
MAKELEVEL := 0
# environment
MANDATORY_PATH = /usr/share/gconf/i3.mandatory.path
# environment
XDG_DATA_DIRS = /usr/share/i3:/usr/local/share:/usr/share:/var/lib/snapd/desktop
# environment
DBUS_SESSION_BUS_ADDRESS = unix:path=/run/user/1000/bus
# environment
VSCODE_VERBOSE_LOGGING = true
# environment
VSCODE_IPC_HOOK_EXTHOST = /run/user/1000/vscode-ipc-fb4b5de4-9ec3-4449-b22d-9aa91ee7003b.sock
# environment
LC_NAME = es_ES.UTF-8
# environment
VSCODE_CWD = /home/merino
# environment
XDG_SESSION_PATH = /org/freedesktop/DisplayManager/Session0
# default
MAKE_HOST := x86_64-pc-linux-gnu
# environment
PATH = /home/merino/.local/bin:/home/merino/src/inasim/scripts:/home/merino/src/inasim/scripts/inasim:/home/merino/opt/inasim/bin:/home/merino/src/inasim/tests/googletest/opt/lib:/home/merino/src/inasim/tests/googletest/opt/include:/home/merino/opt/libtopgen/include:/home/merino/opt/libtracelib/include:/home/merino/.cargo/bin:/home/merino/.local/bin:/usr/local/sbin:/usr/local/bin:/usr/sbin:/usr/bin:/sbin:/bin:/usr/games:/usr/local/games:/snap/bin:/home/merino/.local/share/JetBrains/Toolbox/apps/CLion/ch-0/212.5457.51/bin/
# environment
GTEST_MAIN_LIBRARY = /home/merino/src/inasim/tests/googletest/opt/lib
# environment
GPG_AGENT_INFO = /run/user/1000/gnupg/S.gpg-agent:0:1
# environment
LSCOLORS = Gxfxcxdxbxegedabagacad
# environment
XDG_RUNTIME_DIR = /run/user/1000
# environment
KICAD_PATH = /usr/share/kicad
# environment
VSCODE_LOG_STACK = false
# environment
ELECTRON_RUN_AS_NODE = 1
# default
.FEATURES := target-specific order-only second-expansion else-if shortest-stem undefine oneshell archives jobserver output-sync check-symlink load
# environment
XDG_GREETER_DATA_DIR = /var/lib/lightdm-data/merino
# environment
LS_COLORS = 
# environment
XDG_SESSION_DESKTOP = i3
# environment
SSH_AUTH_SOCK = /tmp/ssh-zrZC3fkAJ2Ss/agent.1919
# automatic
%F = $(notdir $%)
# environment
DISPLAY = :0
# environment
VSCODE_PIPE_LOGGING = true
# environment
GTEST_DIR = /home/merino/src/inasim/tests/googletest/opt/include
# environment
PWD = /home/merino/Documents/Sync/Universidad/Master/Computación de Altas Prestaciones/Trabajo_HPC
# environment
RTE_TARGET = x86_64-native-linuxapp-gcc
# default
.LOADED := 
# environment
XDG_SEAT = seat0
# environment
SSH_AGENT_PID = 2028
# environment
ORIGINAL_XDG_CURRENT_DESKTOP = i3
# environment
GTK_MODULES = gail:atk-bridge
# environment
VSCODE_AMD_ENTRYPOINT = vs/workbench/api/node/extensionHostProcess
# environment
HOME = /home/merino
# environment
LD_LIBRARY_PATH = /home/merino/src/inasim/tests/googletest/opt/lib:/home/merino/opt/libtopgen/lib:/home/merino/opt/libtracelib/lib:
# environment
VSCODE_CODE_CACHE_PATH = /home/merino/.config/Code/CachedData/30d9c6cd9483b2cc586687151bcbcd635f373630
# environment
LOGNAME = merino
# environment
APPLICATION_INSIGHTS_NO_DIAGNOSTIC_CHANNEL = 1
# automatic
+F = $(notdir $+)
# environment
ZSH = /home/merino/.oh-my-zsh
# environment
VSCODE_HANDLES_UNCAUGHT_ERRORS = true
# automatic
^D = $(patsubst %/,%,$(dir $^))
# environment
XDG_VTNR = 7
# environment
LC_TIME = es_ES.UTF-8
# default
MAKE = $(MAKE_COMMAND)
# makefile (from 'Makefile', line 2)
C_OPTIMIZED_FLAGS = -O3 -march=native
# default
MAKECMDGOALS := all
# environment
SHLVL = 0
# makefile (from 'Makefile', line 1)
CC = gcc	
# environment
XDG_SESSION_ID = c2
# environment
USER = merino
# environment
LC_MONETARY = es_ES.UTF-8
# makefile
.DEFAULT_GOAL := all
# environment
XDG_CURRENT_DESKTOP = i3
# environment
LESS = -R
# automatic
%D = $(patsubst %/,%,$(dir $%))
# environment
LC_TELEPHONE = es_ES.UTF-8
# environment
I3SOCK = /run/user/1000/i3/ipc-socket.1919
# default
MAKE_COMMAND := make
# environment
OLDPWD = /home/merino
# default
.VARIABLES := 
# automatic
*F = $(notdir $*)
# environment
LANGUAGE = en_US
# environment
XDG_SEAT_PATH = /org/freedesktop/DisplayManager/Seat0
# environment
VSCODE_IPC_HOOK = /run/user/1000/vscode-ce5a7a1e-1.68.1-main.sock
# makefile
MAKEFLAGS = pqrR
# environment
MFLAGS = -pqrR
# automatic
*D = $(patsubst %/,%,$(dir $*))
# environment
PT8HOME = /opt/pt
# automatic
+D = $(patsubst %/,%,$(dir $+))
# environment
GDK_BACKEND = x11
# environment
LC_PAPER = es_ES.UTF-8
# environment
QT_ACCESSIBILITY = 1
# environment
DEFAULTS_PATH = /usr/share/gconf/i3.default.path
# default
MAKEFILES := 
# environment
LC_NUMERIC = es_ES.UTF-8
# automatic
<F = $(notdir $<)
# environment
CXX = /usr/bin/g++-9
# environment
LC_MEASUREMENT = es_ES.UTF-8
# environment
INASIM_ROOT = /home/merino/opt/inasim
# environment
PAGER = less
# environment
LC_ALL = C
# automatic
^F = $(notdir $^)
# default
SUFFIXES := 
# environment
KIGITHUB = https://github.com/KiCad
# environment
CHROME_DESKTOP = code-url-handler.desktop
# default
.INCLUDE_DIRS = /usr/include /usr/local/include /usr/include
# environment
INASIM_SRC = /home/merino/src/inasim
# environment
LC_IDENTIFICATION = es_ES.UTF-8
# default
.RECIPEPREFIX := 
# environment
LC_ADDRESS = es_ES.UTF-8
# environment
LANG = C
# environment
VSCODE_PID = 3977
# environment
TOPGEN_ROOT = /home/merino/opt/libtopgen
# variable set hash-table stats:
# Load=119/1024=12%, Rehash=0, Collisions=11/153=7%

# Pattern-specific Variable Values

# No pattern-specific variable values.

# Directories

# . (device 66309, inode 12849561): 13 files, no impossibilities.

# 13 files, no impossibilities in 1 directories.

# Implicit Rules

# No implicit rules.

# Files

all: mpi_gemm
#  Command line target.
#  Implicit rule search has been done.
#  File does not exist.
#  File has been updated.
#  Needs to be updated (-q is set).
# variable set hash-table stats:
# Load=0/32=0%, Rehash=0, Collisions=0/8=0%

# Not a target:
.SUFFIXES:
 
#  Implicit rule search has not been done.
#  Modification time never checked.
#  File has not been updated.

# Not a target:
Makefile:
#  Implicit rule search has been done.
#  Last modified 2022-06-24 12:03:35.29494218
#  File has been updated.
#  Successfully updated.

mpi_gemm:
#  Implicit rule search has not been done.
#  Implicit/static pattern stem: ''
#  File does not exist.
#  File has been updated.
#  Needs to be updated (-q is set).
# automatic
# @ := mpi_gemm
# automatic
# % := 
# automatic
# * := 
# automatic
# + := 
# automatic
# | := 
# automatic
# < := 
# automatic
# ^ := 
# automatic
# ? := 
# variable set hash-table stats:
# Load=8/32=25%, Rehash=0, Collisions=1/16=6%
#  recipe to execute (from 'Makefile', line 7):
	$(CC) -c src/memoryfun.c -o lib/memoryfun.o  $(CFLAGS) 
	$(CC) -c src/esqueleto.c -o lib/esqueleto.o  $(CFLAGS) 
	$(CC) -o opt/esqueleto lib/esqueleto.o lib/memoryfun.o -lblas -fopenmp 

# Not a target:
.DEFAULT:
#  Implicit rule search has not been done.
#  Modification time never checked.
#  File has not been updated.

# files hash-table stats:
# Load=5/1024=0%, Rehash=0, Collisions=0/19=0%
# VPATH Search Paths

# No 'vpath' search paths.

# No general ('VPATH' variable) search path.

# strcache buffers: 1 (0) / strings = 19 / storage = 140 B / avg = 7 B
# current buf: size = 8162 B / used = 140 B / count = 19 / avg = 7 B

# strcache performance: lookups = 28 / hit rate = 32%
# hash-table stats:
# Load=19/8192=0%, Rehash=0, Collisions=1/28=4%
# Finished Make data base on Wed Jun 29 10:08:50 2022

 
